<?xml version="1.0" encoding="UTF-8" ?>

<testsuite failures="0" time="0.004" errors="0" skipped="0" tests="7" name="CalendaringTest">
  <testcase classname="CalendaringTest" name="userHasName" time="0.001">
      </testcase>
  <testcase classname="CalendaringTest" name="canGetUncreateCalendar" time="0">
      </testcase>
  <testcase classname="CalendaringTest" name="noDoubleCreation" time="0">
      </testcase>
  <testcase classname="CalendaringTest" name="calendarHasName" time="0.001">
      </testcase>
  <testcase classname="CalendaringTest" name="calendarHasOwner" time="0">
      </testcase>
  <testcase classname="CalendaringTest" name="addEventToOtherCalendar" time="0.001">
      </testcase>
  <testcase classname="CalendaringTest" name="addAndRetrieveEvent" time="0.001">
      </testcase>
</testsuite>
